<?xml version="1.0" encoding="UTF-8"?>
<Site BuildName="(empty)"
	BuildStamp="20250525-1418-Experimental"
	Name="(empty)"
	Generator="ctest-3.29.5-msvc4"
	CompilerName=""
	CompilerVersion=""
	OSName="Windows"
	Hostname="Dominus"
	OSRelease=" Professional"
	OSVersion=" (Build 26100)"
	OSPlatform="AMD64"
	Is64Bits="1"
	VendorString="AuthenticAMD"
	VendorID="Advanced Micro Devices"
	FamilyID="15"
	ModelID="1"
	ProcessorCacheSize="64"
	NumberOfLogicalCPU="16"
	NumberOfPhysicalCPU="8"
	TotalVirtualMemory="54490"
	TotalPhysicalMemory="31937"
	LogicalProcessorsPerPhysical="2"
	ProcessorClockFrequency="3593"
	>
	<Testing>
		<StartDateTime>May 25 16:18 [NON-UTF-8-BYTE-0xD6][NON-UTF-8-BYTE-0xE5][NON-UTF-8-BYTE-0xED][NON-UTF-8-BYTE-0xF2][NON-UTF-8-BYTE-0xF0][NON-UTF-8-BYTE-0xE0][NON-UTF-8-BYTE-0xEB][NON-UTF-8-BYTE-0xFC][NON-UTF-8-BYTE-0xED][NON-UTF-8-BYTE-0xEE][NON-UTF-8-BYTE-0xBA][NON-UTF-8-BYTE-0xE2][NON-UTF-8-BYTE-0xF0][NON-UTF-8-BYTE-0xEE][NON-UTF-8-BYTE-0xEF]. [NON-UTF-8-BYTE-0xF7][NON-UTF-8-BYTE-0xE0][NON-UTF-8-BYTE-0xF1] ([NON-UTF-8-BYTE-0xEB][NON-UTF-8-BYTE-0xB3][NON-UTF-8-BYTE-0xF2][NON-UTF-8-BYTE-0xEE])</StartDateTime>
		<StartTestTime>1748182687</StartTestTime>
		<TestList/>
		<EndDateTime>May 25 16:18 [NON-UTF-8-BYTE-0xD6][NON-UTF-8-BYTE-0xE5][NON-UTF-8-BYTE-0xED][NON-UTF-8-BYTE-0xF2][NON-UTF-8-BYTE-0xF0][NON-UTF-8-BYTE-0xE0][NON-UTF-8-BYTE-0xEB][NON-UTF-8-BYTE-0xFC][NON-UTF-8-BYTE-0xED][NON-UTF-8-BYTE-0xEE][NON-UTF-8-BYTE-0xBA][NON-UTF-8-BYTE-0xE2][NON-UTF-8-BYTE-0xF0][NON-UTF-8-BYTE-0xEE][NON-UTF-8-BYTE-0xEF]. [NON-UTF-8-BYTE-0xF7][NON-UTF-8-BYTE-0xE0][NON-UTF-8-BYTE-0xF1] ([NON-UTF-8-BYTE-0xEB][NON-UTF-8-BYTE-0xB3][NON-UTF-8-BYTE-0xF2][NON-UTF-8-BYTE-0xEE])</EndDateTime>
		<EndTestTime>1748182687</EndTestTime>
		<ElapsedMinutes>0</ElapsedMinutes>
	</Testing>
</Site>
